<?xml version="1.0" encoding="UTF-8"?>
<!-- Generated by org.testng.reporters.JUnitXMLReporter -->
<testsuite ignored="11" hostname="LMCLT003" failures="0" tests="2" name="Automation" time="28.342" errors="0" timestamp="20 Mar 2019 09:58:59 GMT">
  <testcase classname="letmecalltest.AbhirestaurantTest" name="abhiRestaurentJawarRoti" time="18.157"/>
  <testcase classname="letmecalltest.AbhirestaurantTest" name="loginTest" time="10.148"/>
  <testcase classname="letmecalltest.MyOrderPageTest" name="login" time="0.0">
    <ignored/>
  </testcase> <!-- login -->
  <testcase classname="letmecalltest.LocationPageTest" name="profile" time="0.0">
    <ignored/>
  </testcase> <!-- profile -->
  <testcase classname="letmecalltest.RegisterPageTest" name="registerAccount" time="0.0">
    <ignored/>
  </testcase> <!-- registerAccount -->
  <testcase classname="letmecalltest.MyOrderPageTest" name="deliverOrderItemTest" time="0.0">
    <ignored/>
  </testcase> <!-- deliverOrderItemTest -->
  <testcase classname="letmecalltest.AbhirestaurantTest" name="addressDetails" time="0.0">
    <ignored/>
  </testcase> <!-- addressDetails -->
  <testcase classname="letmecalltest.LoginPageTest" name="loginTest" time="0.0">
    <ignored/>
  </testcase> <!-- loginTest -->
  <testcase classname="letmecalltest.LocationPageTest" name="loginPage" time="0.0">
    <ignored/>
  </testcase> <!-- loginPage -->
  <testcase classname="letmecalltest.RegisterPageTest" name="titleVerify" time="0.0">
    <ignored/>
  </testcase> <!-- titleVerify -->
  <testcase classname="letmecalltest.ProfilePageTest" name="myprofileTest" time="0.0">
    <ignored/>
  </testcase> <!-- myprofileTest -->
  <testcase classname="letmecalltest.ProfilePageTest" name="accntInformationTest" time="0.0">
    <ignored/>
  </testcase> <!-- accntInformationTest -->
  <testcase classname="letmecalltest.LocationPageTest" name="locationSearchTest" time="0.0">
    <ignored/>
  </testcase> <!-- locationSearchTest -->
</testsuite> <!-- Automation -->
