<?xml version="1.0" encoding="UTF-8"?>
<testng-results ignored="0" total="1" passed="1" failed="0" skipped="0">
  <reporter-output>
    <line>
      <![CDATA[login link click]]>
    </line>
    <line>
      <![CDATA[Enter User name]]>
    </line>
    <line>
      <![CDATA[Enter password]]>
    </line>
    <line>
      <![CDATA[login click]]>
    </line>
  </reporter-output>
  <suite started-at="2019-07-22T11:31:15Z" name="Default suite" finished-at="2019-07-22T11:31:42Z" duration-ms="27332">
    <groups>
    </groups>
    <test started-at="2019-07-22T11:31:15Z" name="Default test" finished-at="2019-07-22T11:31:42Z" duration-ms="27332">
      <class name="letmecalltest.LocationPageTest">
        <test-method signature="LocationTest()[pri:0, instance:letmecalltest.LocationPageTest@385e9564]" started-at="2019-07-22T17:01:15Z" name="LocationTest" finished-at="2019-07-22T17:01:42Z" duration-ms="27307" status="PASS">
          <reporter-output>
            <line>
              <![CDATA[login link click]]>
            </line>
            <line>
              <![CDATA[Enter User name]]>
            </line>
            <line>
              <![CDATA[Enter password]]>
            </line>
            <line>
              <![CDATA[login click]]>
            </line>
          </reporter-output>
        </test-method> <!-- LocationTest -->
      </class> <!-- letmecalltest.LocationPageTest -->
    </test> <!-- Default test -->
  </suite> <!-- Default suite -->
</testng-results>
