<?xml version="1.0" encoding="UTF-8"?>
<testng-results ignored="0" total="1" passed="1" failed="0" skipped="0">
  <reporter-output>
  </reporter-output>
  <suite started-at="2019-07-20T14:16:14Z" name="Default suite" finished-at="2019-07-20T14:16:42Z" duration-ms="27608">
    <groups>
    </groups>
    <test started-at="2019-07-20T14:16:14Z" name="Default test" finished-at="2019-07-20T14:16:42Z" duration-ms="27608">
      <class name="letmecalltest.LocationPageTest">
        <test-method signature="loginPage()[pri:0, instance:letmecalltest.LocationPageTest@f79e]" started-at="2019-07-20T19:46:14Z" name="loginPage" finished-at="2019-07-20T19:46:42Z" duration-ms="27584" status="PASS">
          <reporter-output>
          </reporter-output>
        </test-method> <!-- loginPage -->
      </class> <!-- letmecalltest.LocationPageTest -->
    </test> <!-- Default test -->
  </suite> <!-- Default suite -->
</testng-results>
